# JRE version: OpenJDK Runtime Environment (8.0_202) (build 1.8.0_202-release-1483-b49-5587405)
# Java VM: OpenJDK 64-Bit Server VM (25.202-b49-5587405 mixed mode linux-amd64 compressed oops)
Heap:
 PSYoungGen      total 368128K, used 1003K [0x00000000e0000000, 0x0000000100000000, 0x0000000100000000)
  eden space 306176K, 0% used [0x00000000e0000000,0x00000000e0000000,0x00000000f2b00000)
  from space 61952K, 1% used [0x00000000fc380000,0x00000000fc47afd0,0x0000000100000000)
  to   space 109056K, 0% used [0x00000000f2b00000,0x00000000f2b00000,0x00000000f9580000)
 ParOldGen       total 300032K, used 299882K [0x00000000a0000000, 0x00000000b2500000, 0x00000000e0000000)
  object space 300032K, 99% used [0x00000000a0000000,0x00000000b24da8f8,0x00000000b2500000)
 Metaspace       used 69265K, capacity 71398K, committed 71808K, reserved 1112064K
  class space    used 9174K, capacity 9752K, committed 9856K, reserved 1048576K
GC Heap History (10 events):
Event: 22.992 GC heap after
Heap after GC invocations=16 (full 3):
 PSYoungGen      total 270848K, used 0K [0x00000000e0000000, 0x00000000f7b80000, 0x0000000100000000)
  eden space 245760K, 0% used [0x00000000e0000000,0x00000000e0000000,0x00000000ef000000)
  from space 25088K, 0% used [0x00000000ef000000,0x00000000ef000000,0x00000000f0880000)
  to   space 24576K, 0% used [0x00000000f6380000,0x00000000f6380000,0x00000000f7b80000)
 ParOldGen       total 151040K, used 55631K [0x00000000a0000000, 0x00000000a9380000, 0x00000000e0000000)
  object space 151040K, 36% used [0x00000000a0000000,0x00000000a3653c10,0x00000000a9380000)
 Metaspace       used 57113K, capacity 58946K, committed 59008K, reserved 1099776K
  class space    used 7788K, capacity 8294K, committed 8320K, reserved 1048576K
}
Event: 28.607 GC heap before
{Heap before GC invocations=17 (full 3):
 PSYoungGen      total 270848K, used 245760K [0x00000000e0000000, 0x00000000f7b80000, 0x0000000100000000)
  eden space 245760K, 100% used [0x00000000e0000000,0x00000000ef000000,0x00000000ef000000)
  from space 25088K, 0% used [0x00000000ef000000,0x00000000ef000000,0x00000000f0880000)
  to   space 24576K, 0% used [0x00000000f6380000,0x00000000f6380000,0x00000000f7b80000)
 ParOldGen       total 151040K, used 55631K [0x00000000a0000000, 0x00000000a9380000, 0x00000000e0000000)
  object space 151040K, 36% used [0x00000000a0000000,0x00000000a3653c10,0x00000000a9380000)
 Metaspace       used 59289K, capacity 61272K, committed 61568K, reserved 1101824K
  class space    used 8018K, capacity 8527K, committed 8576K, reserved 1048576K
Event: 28.615 GC heap after
Heap after GC invocations=17 (full 3):
 PSYoungGen      total 355840K, used 8803K [0x00000000e0000000, 0x00000000f7680000, 0x0000000100000000)
  eden space 336384K, 0% used [0x00000000e0000000,0x00000000e0000000,0x00000000f4880000)
  from space 19456K, 45% used [0x00000000f6380000,0x00000000f6c18da0,0x00000000f7680000)
  to   space 23552K, 0% used [0x00000000f4880000,0x00000000f4880000,0x00000000f5f80000)
 ParOldGen       total 151040K, used 55639K [0x00000000a0000000, 0x00000000a9380000, 0x00000000e0000000)
  object space 151040K, 36% used [0x00000000a0000000,0x00000000a3655c10,0x00000000a9380000)
 Metaspace       used 59289K, capacity 61272K, committed 61568K, reserved 1101824K
  class space    used 8018K, capacity 8527K, committed 8576K, reserved 1048576K
}
Event: 30.717 GC heap before
{Heap before GC invocations=18 (full 3):
 PSYoungGen      total 355840K, used 345187K [0x00000000e0000000, 0x00000000f7680000, 0x0000000100000000)
  eden space 336384K, 100% used [0x00000000e0000000,0x00000000f4880000,0x00000000f4880000)
  from space 19456K, 45% used [0x00000000f6380000,0x00000000f6c18da0,0x00000000f7680000)
  to   space 23552K, 0% used [0x00000000f4880000,0x00000000f4880000,0x00000000f5f80000)
 ParOldGen       total 151040K, used 55639K [0x00000000a0000000, 0x00000000a9380000, 0x00000000e0000000)
  object space 151040K, 36% used [0x00000000a0000000,0x00000000a3655c10,0x00000000a9380000)
 Metaspace       used 64122K, capacity 66032K, committed 66176K, reserved 1105920K
  class space    used 8551K, capacity 9047K, committed 9088K, reserved 1048576K
Event: 30.848 GC heap after
Heap after GC invocations=18 (full 3):
 PSYoungGen      total 359936K, used 23539K [0x00000000e0000000, 0x0000000100000000, 0x0000000100000000)
  eden space 336384K, 0% used [0x00000000e0000000,0x00000000e0000000,0x00000000f4880000)
  from space 23552K, 99% used [0x00000000f4880000,0x00000000f5f7cd88,0x00000000f5f80000)
  to   space 61952K, 0% used [0x00000000fc380000,0x00000000fc380000,0x0000000100000000)
 ParOldGen       total 151040K, used 149102K [0x00000000a0000000, 0x00000000a9380000, 0x00000000e0000000)
  object space 151040K, 98% used [0x00000000a0000000,0x00000000a919b8e8,0x00000000a9380000)
 Metaspace       used 64122K, capacity 66032K, committed 66176K, reserved 1105920K
  class space    used 8551K, capacity 9047K, committed 9088K, reserved 1048576K
}
Event: 30.848 GC heap before
{Heap before GC invocations=19 (full 4):
 PSYoungGen      total 359936K, used 23539K [0x00000000e0000000, 0x0000000100000000, 0x0000000100000000)
  eden space 336384K, 0% used [0x00000000e0000000,0x00000000e0000000,0x00000000f4880000)
  from space 23552K, 99% used [0x00000000f4880000,0x00000000f5f7cd88,0x00000000f5f80000)
  to   space 61952K, 0% used [0x00000000fc380000,0x00000000fc380000,0x0000000100000000)
 ParOldGen       total 151040K, used 149102K [0x00000000a0000000, 0x00000000a9380000, 0x00000000e0000000)
  object space 151040K, 98% used [0x00000000a0000000,0x00000000a919b8e8,0x00000000a9380000)
 Metaspace       used 64122K, capacity 66032K, committed 66176K, reserved 1105920K
  class space    used 8551K, capacity 9047K, committed 9088K, reserved 1048576K
Event: 31.393 GC heap after
Heap after GC invocations=19 (full 4):
 PSYoungGen      total 359936K, used 15123K [0x00000000e0000000, 0x0000000100000000, 0x0000000100000000)
  eden space 336384K, 0% used [0x00000000e0000000,0x00000000e0000000,0x00000000f4880000)
  from space 23552K, 64% used [0x00000000f4880000,0x00000000f5744ff8,0x00000000f5f80000)
  to   space 61952K, 0% used [0x00000000fc380000,0x00000000fc380000,0x0000000100000000)
 ParOldGen       total 300032K, used 150878K [0x00000000a0000000, 0x00000000b2500000, 0x00000000e0000000)
  object space 300032K, 50% used [0x00000000a0000000,0x00000000a9357b50,0x00000000b2500000)
 Metaspace       used 64122K, capacity 66032K, committed 66176K, reserved 1105920K
  class space    used 8551K, capacity 9047K, committed 9088K, reserved 1048576K
}
Event: 33.278 GC heap before
{Heap before GC invocations=20 (full 4):
 PSYoungGen      total 359936K, used 351507K [0x00000000e0000000, 0x0000000100000000, 0x0000000100000000)
  eden space 336384K, 100% used [0x00000000e0000000,0x00000000f4880000,0x00000000f4880000)
  from space 23552K, 64% used [0x00000000f4880000,0x00000000f5744ff8,0x00000000f5f80000)
  to   space 61952K, 0% used [0x00000000fc380000,0x00000000fc380000,0x0000000100000000)
 ParOldGen       total 300032K, used 150878K [0x00000000a0000000, 0x00000000b2500000, 0x00000000e0000000)
  object space 300032K, 50% used [0x00000000a0000000,0x00000000a9357b50,0x00000000b2500000)
 Metaspace       used 69265K, capacity 71398K, committed 71808K, reserved 1112064K
  class space    used 9174K, capacity 9752K, committed 9856K, reserved 1048576K
Event: 33.428 GC heap after
Heap after GC invocations=20 (full 4):
 PSYoungGen      total 368128K, used 61942K [0x00000000e0000000, 0x0000000100000000, 0x0000000100000000)
  eden space 306176K, 0% used [0x00000000e0000000,0x00000000e0000000,0x00000000f2b00000)
  from space 61952K, 99% used [0x00000000fc380000,0x00000000ffffdb20,0x0000000100000000)
  to   space 109056K, 0% used [0x00000000f2b00000,0x00000000f2b00000,0x00000000f9580000)
 ParOldGen       total 300032K, used 248401K [0x00000000a0000000, 0x00000000b2500000, 0x00000000e0000000)
  object space 300032K, 82% used [0x00000000a0000000,0x00000000af2946f0,0x00000000b2500000)
 Metaspace       used 69265K, capacity 71398K, committed 71808K, reserved 1112064K
  class space    used 9174K, capacity 9752K, committed 9856K, reserved 1048576K
}
Event: 33.428 GC heap before
{Heap before GC invocations=21 (full 5):
 PSYoungGen      total 368128K, used 61942K [0x00000000e0000000, 0x0000000100000000, 0x0000000100000000)
  eden space 306176K, 0% used [0x00000000e0000000,0x00000000e0000000,0x00000000f2b00000)
  from space 61952K, 99% used [0x00000000fc380000,0x00000000ffffdb20,0x0000000100000000)
  to   space 109056K, 0% used [0x00000000f2b00000,0x00000000f2b00000,0x00000000f9580000)
 ParOldGen       total 300032K, used 248401K [0x00000000a0000000, 0x00000000b2500000, 0x00000000e0000000)
  object space 300032K, 82% used [0x00000000a0000000,0x00000000af2946f0,0x00000000b2500000)
 Metaspace       used 69265K, capacity 71398K, committed 71808K, reserved 1112064K
  class space    used 9174K, capacity 9752K, committed 9856K, reserved 1048576K

