# JRE version: OpenJDK Runtime Environment (8.0_202) (build 1.8.0_202-release-1483-b49-5587405)
# Java VM: OpenJDK 64-Bit Server VM (25.202-b49-5587405 mixed mode linux-amd64 compressed oops)
Heap:
 PSYoungGen      total 326656K, used 0K [0x00000000e0000000, 0x0000000100000000, 0x0000000100000000)
  eden space 263168K, 0% used [0x00000000e0000000,0x00000000e0000000,0x00000000f0100000)
  from space 63488K, 0% used [0x00000000fc200000,0x00000000fc200000,0x0000000100000000)
  to   space 130560K, 0% used [0x00000000f0100000,0x00000000f0100000,0x00000000f8080000)
 ParOldGen       total 370176K, used 336052K [0x00000000a0000000, 0x00000000b6980000, 0x00000000e0000000)
  object space 370176K, 90% used [0x00000000a0000000,0x00000000b482d320,0x00000000b6980000)
 Metaspace       used 77723K, capacity 80358K, committed 80512K, reserved 1120256K
  class space    used 9950K, capacity 10598K, committed 10624K, reserved 1048576K
GC Heap History (10 events):
Event: 50.356 GC heap after
Heap after GC invocations=16 (full 3):
 PSYoungGen      total 354304K, used 20442K [0x00000000e0000000, 0x00000000fda80000, 0x0000000100000000)
  eden space 331776K, 0% used [0x00000000e0000000,0x00000000e0000000,0x00000000f4400000)
  from space 22528K, 90% used [0x00000000f4400000,0x00000000f57f6850,0x00000000f5a00000)
  to   space 25088K, 0% used [0x00000000fc200000,0x00000000fc200000,0x00000000fda80000)
 ParOldGen       total 112640K, used 50092K [0x00000000a0000000, 0x00000000a6e00000, 0x00000000e0000000)
  object space 112640K, 44% used [0x00000000a0000000,0x00000000a30eb338,0x00000000a6e00000)
 Metaspace       used 64734K, capacity 66952K, committed 67328K, reserved 1107968K
  class space    used 8541K, capacity 9119K, committed 9216K, reserved 1048576K
}
Event: 58.253 GC heap before
{Heap before GC invocations=17 (full 3):
 PSYoungGen      total 354304K, used 352218K [0x00000000e0000000, 0x00000000fda80000, 0x0000000100000000)
  eden space 331776K, 100% used [0x00000000e0000000,0x00000000f4400000,0x00000000f4400000)
  from space 22528K, 90% used [0x00000000f4400000,0x00000000f57f6850,0x00000000f5a00000)
  to   space 25088K, 0% used [0x00000000fc200000,0x00000000fc200000,0x00000000fda80000)
 ParOldGen       total 112640K, used 50092K [0x00000000a0000000, 0x00000000a6e00000, 0x00000000e0000000)
  object space 112640K, 44% used [0x00000000a0000000,0x00000000a30eb338,0x00000000a6e00000)
 Metaspace       used 70383K, capacity 72874K, committed 73088K, reserved 1112064K
  class space    used 9225K, capacity 9828K, committed 9856K, reserved 1048576K
Event: 58.393 GC heap after
Heap after GC invocations=17 (full 3):
 PSYoungGen      total 450048K, used 25084K [0x00000000e0000000, 0x00000000fef80000, 0x0000000100000000)
  eden space 424960K, 0% used [0x00000000e0000000,0x00000000e0000000,0x00000000f9f00000)
  from space 25088K, 99% used [0x00000000fc200000,0x00000000fda7f1d8,0x00000000fda80000)
  to   space 35840K, 0% used [0x00000000f9f00000,0x00000000f9f00000,0x00000000fc200000)
 ParOldGen       total 112640K, used 69628K [0x00000000a0000000, 0x00000000a6e00000, 0x00000000e0000000)
  object space 112640K, 61% used [0x00000000a0000000,0x00000000a43ff390,0x00000000a6e00000)
 Metaspace       used 70383K, capacity 72874K, committed 73088K, reserved 1112064K
  class space    used 9225K, capacity 9828K, committed 9856K, reserved 1048576K
}
Event: 61.197 GC heap before
{Heap before GC invocations=18 (full 3):
 PSYoungGen      total 450048K, used 450044K [0x00000000e0000000, 0x00000000fef80000, 0x0000000100000000)
  eden space 424960K, 100% used [0x00000000e0000000,0x00000000f9f00000,0x00000000f9f00000)
  from space 25088K, 99% used [0x00000000fc200000,0x00000000fda7f1d8,0x00000000fda80000)
  to   space 35840K, 0% used [0x00000000f9f00000,0x00000000f9f00000,0x00000000fc200000)
 ParOldGen       total 112640K, used 69628K [0x00000000a0000000, 0x00000000a6e00000, 0x00000000e0000000)
  object space 112640K, 61% used [0x00000000a0000000,0x00000000a43ff390,0x00000000a6e00000)
 Metaspace       used 76240K, capacity 78880K, committed 79232K, reserved 1118208K
  class space    used 9875K, capacity 10533K, committed 10624K, reserved 1048576K
Event: 61.463 GC heap after
Heap after GC invocations=18 (full 3):
 PSYoungGen      total 460800K, used 35838K [0x00000000e0000000, 0x0000000100000000, 0x0000000100000000)
  eden space 424960K, 0% used [0x00000000e0000000,0x00000000e0000000,0x00000000f9f00000)
  from space 35840K, 99% used [0x00000000f9f00000,0x00000000fc1ff908,0x00000000fc200000)
  to   space 63488K, 0% used [0x00000000fc200000,0x00000000fc200000,0x0000000100000000)
 ParOldGen       total 218624K, used 218251K [0x00000000a0000000, 0x00000000ad580000, 0x00000000e0000000)
  object space 218624K, 99% used [0x00000000a0000000,0x00000000ad522ce8,0x00000000ad580000)
 Metaspace       used 76240K, capacity 78880K, committed 79232K, reserved 1118208K
  class space    used 9875K, capacity 10533K, committed 10624K, reserved 1048576K
}
Event: 61.475 GC heap before
{Heap before GC invocations=19 (full 4):
 PSYoungGen      total 460800K, used 35838K [0x00000000e0000000, 0x0000000100000000, 0x0000000100000000)
  eden space 424960K, 0% used [0x00000000e0000000,0x00000000e0000000,0x00000000f9f00000)
  from space 35840K, 99% used [0x00000000f9f00000,0x00000000fc1ff908,0x00000000fc200000)
  to   space 63488K, 0% used [0x00000000fc200000,0x00000000fc200000,0x0000000100000000)
 ParOldGen       total 218624K, used 218251K [0x00000000a0000000, 0x00000000ad580000, 0x00000000e0000000)
  object space 218624K, 99% used [0x00000000a0000000,0x00000000ad522ce8,0x00000000ad580000)
 Metaspace       used 76240K, capacity 78880K, committed 79232K, reserved 1118208K
  class space    used 9875K, capacity 10533K, committed 10624K, reserved 1048576K
Event: 66.635 GC heap after
Heap after GC invocations=19 (full 4):
 PSYoungGen      total 460800K, used 23359K [0x00000000e0000000, 0x0000000100000000, 0x0000000100000000)
  eden space 424960K, 0% used [0x00000000e0000000,0x00000000e0000000,0x00000000f9f00000)
  from space 35840K, 65% used [0x00000000f9f00000,0x00000000fb5cff88,0x00000000fc200000)
  to   space 63488K, 0% used [0x00000000fc200000,0x00000000fc200000,0x0000000100000000)
 ParOldGen       total 370176K, used 218456K [0x00000000a0000000, 0x00000000b6980000, 0x00000000e0000000)
  object space 370176K, 59% used [0x00000000a0000000,0x00000000ad5560f8,0x00000000b6980000)
 Metaspace       used 76238K, capacity 78874K, committed 79232K, reserved 1118208K
  class space    used 9874K, capacity 10532K, committed 10624K, reserved 1048576K
}
Event: 81.400 GC heap before
{Heap before GC invocations=20 (full 4):
 PSYoungGen      total 460800K, used 448319K [0x00000000e0000000, 0x0000000100000000, 0x0000000100000000)
  eden space 424960K, 100% used [0x00000000e0000000,0x00000000f9f00000,0x00000000f9f00000)
  from space 35840K, 65% used [0x00000000f9f00000,0x00000000fb5cff88,0x00000000fc200000)
  to   space 63488K, 0% used [0x00000000fc200000,0x00000000fc200000,0x0000000100000000)
 ParOldGen       total 370176K, used 218456K [0x00000000a0000000, 0x00000000b6980000, 0x00000000e0000000)
  object space 370176K, 59% used [0x00000000a0000000,0x00000000ad5560f8,0x00000000b6980000)
 Metaspace       used 77723K, capacity 80358K, committed 80512K, reserved 1120256K
  class space    used 9950K, capacity 10598K, committed 10624K, reserved 1048576K
Event: 81.600 GC heap after
Heap after GC invocations=20 (full 4):
 PSYoungGen      total 326656K, used 63466K [0x00000000e0000000, 0x0000000100000000, 0x0000000100000000)
  eden space 263168K, 0% used [0x00000000e0000000,0x00000000e0000000,0x00000000f0100000)
  from space 63488K, 99% used [0x00000000fc200000,0x00000000ffffa8b8,0x0000000100000000)
  to   space 130560K, 0% used [0x00000000f0100000,0x00000000f0100000,0x00000000f8080000)
 ParOldGen       total 370176K, used 295666K [0x00000000a0000000, 0x00000000b6980000, 0x00000000e0000000)
  object space 370176K, 79% used [0x00000000a0000000,0x00000000b20bc810,0x00000000b6980000)
 Metaspace       used 77723K, capacity 80358K, committed 80512K, reserved 1120256K
  class space    used 9950K, capacity 10598K, committed 10624K, reserved 1048576K
}
Event: 81.600 GC heap before
{Heap before GC invocations=21 (full 5):
 PSYoungGen      total 326656K, used 63466K [0x00000000e0000000, 0x0000000100000000, 0x0000000100000000)
  eden space 263168K, 0% used [0x00000000e0000000,0x00000000e0000000,0x00000000f0100000)
  from space 63488K, 99% used [0x00000000fc200000,0x00000000ffffa8b8,0x0000000100000000)
  to   space 130560K, 0% used [0x00000000f0100000,0x00000000f0100000,0x00000000f8080000)
 ParOldGen       total 370176K, used 295666K [0x00000000a0000000, 0x00000000b6980000, 0x00000000e0000000)
  object space 370176K, 79% used [0x00000000a0000000,0x00000000b20bc810,0x00000000b6980000)
 Metaspace       used 77723K, capacity 80358K, committed 80512K, reserved 1120256K
  class space    used 9950K, capacity 10598K, committed 10624K, reserved 1048576K

