# JRE version: OpenJDK Runtime Environment (8.0_202) (build 1.8.0_202-release-1483-b49-5587405)
# Java VM: OpenJDK 64-Bit Server VM (25.202-b49-5587405 mixed mode linux-amd64 compressed oops)
Heap:
 PSYoungGen      total 489472K, used 0K [0x00000000e0000000, 0x0000000100000000, 0x0000000100000000)
  eden space 454656K, 0% used [0x00000000e0000000,0x00000000e0000000,0x00000000fbc00000)
  from space 34816K, 0% used [0x00000000fbc00000,0x00000000fbc00000,0x00000000fde00000)
  to   space 34816K, 0% used [0x00000000fde00000,0x00000000fde00000,0x0000000100000000)
 ParOldGen       total 356864K, used 332141K [0x00000000a0000000, 0x00000000b5c80000, 0x00000000e0000000)
  object space 356864K, 93% used [0x00000000a0000000,0x00000000b445b578,0x00000000b5c80000)
 Metaspace       used 78807K, capacity 81414K, committed 81536K, reserved 1120256K
  class space    used 9958K, capacity 10606K, committed 10624K, reserved 1048576K
GC Heap History (10 events):
Event: 27.513 GC heap after
Heap after GC invocations=20 (full 3):
 PSYoungGen      total 452096K, used 20055K [0x00000000e0000000, 0x0000000100000000, 0x0000000100000000)
  eden space 419840K, 0% used [0x00000000e0000000,0x00000000e0000000,0x00000000f9a00000)
  from space 32256K, 62% used [0x00000000f9a00000,0x00000000fad95c38,0x00000000fb980000)
  to   space 32768K, 0% used [0x00000000fe000000,0x00000000fe000000,0x0000000100000000)
 ParOldGen       total 152064K, used 123571K [0x00000000a0000000, 0x00000000a9480000, 0x00000000e0000000)
  object space 152064K, 81% used [0x00000000a0000000,0x00000000a78ace18,0x00000000a9480000)
 Metaspace       used 63048K, capacity 65046K, committed 65280K, reserved 1105920K
  class space    used 8351K, capacity 8870K, committed 8960K, reserved 1048576K
}
Event: 47.424 GC heap before
{Heap before GC invocations=21 (full 3):
 PSYoungGen      total 452096K, used 439895K [0x00000000e0000000, 0x0000000100000000, 0x0000000100000000)
  eden space 419840K, 100% used [0x00000000e0000000,0x00000000f9a00000,0x00000000f9a00000)
  from space 32256K, 62% used [0x00000000f9a00000,0x00000000fad95c38,0x00000000fb980000)
  to   space 32768K, 0% used [0x00000000fe000000,0x00000000fe000000,0x0000000100000000)
 ParOldGen       total 152064K, used 123571K [0x00000000a0000000, 0x00000000a9480000, 0x00000000e0000000)
  object space 152064K, 81% used [0x00000000a0000000,0x00000000a78ace18,0x00000000a9480000)
 Metaspace       used 67627K, capacity 70020K, committed 70272K, reserved 1110016K
  class space    used 8748K, capacity 9319K, committed 9344K, reserved 1048576K
Event: 47.486 GC heap after
Heap after GC invocations=21 (full 3):
 PSYoungGen      total 487424K, used 24668K [0x00000000e0000000, 0x0000000100000000, 0x0000000100000000)
  eden space 454656K, 0% used [0x00000000e0000000,0x00000000e0000000,0x00000000fbc00000)
  from space 32768K, 75% used [0x00000000fe000000,0x00000000ff817058,0x0000000100000000)
  to   space 34816K, 0% used [0x00000000fbc00000,0x00000000fbc00000,0x00000000fde00000)
 ParOldGen       total 152064K, used 123579K [0x00000000a0000000, 0x00000000a9480000, 0x00000000e0000000)
  object space 152064K, 81% used [0x00000000a0000000,0x00000000a78aee18,0x00000000a9480000)
 Metaspace       used 67627K, capacity 70020K, committed 70272K, reserved 1110016K
  class space    used 8748K, capacity 9319K, committed 9344K, reserved 1048576K
}
Event: 50.723 GC heap before
{Heap before GC invocations=22 (full 3):
 PSYoungGen      total 487424K, used 479324K [0x00000000e0000000, 0x0000000100000000, 0x0000000100000000)
  eden space 454656K, 100% used [0x00000000e0000000,0x00000000fbc00000,0x00000000fbc00000)
  from space 32768K, 75% used [0x00000000fe000000,0x00000000ff817058,0x0000000100000000)
  to   space 34816K, 0% used [0x00000000fbc00000,0x00000000fbc00000,0x00000000fde00000)
 ParOldGen       total 152064K, used 123579K [0x00000000a0000000, 0x00000000a9480000, 0x00000000e0000000)
  object space 152064K, 81% used [0x00000000a0000000,0x00000000a78aee18,0x00000000a9480000)
 Metaspace       used 77331K, capacity 79884K, committed 80256K, reserved 1118208K
  class space    used 9883K, capacity 10543K, committed 10624K, reserved 1048576K
Event: 51.126 GC heap after
Heap after GC invocations=22 (full 3):
 PSYoungGen      total 487424K, used 479324K [0x00000000e0000000, 0x0000000100000000, 0x0000000100000000)
  eden space 454656K, 100% used [0x00000000e0000000,0x00000000fbc00000,0x00000000fbc00000)
  from space 32768K, 75% used [0x00000000fe000000,0x00000000ff817058,0x0000000100000000)
  to   space 34816K, 99% used [0x00000000fbc00000,0x00000000fddfb8d8,0x00000000fde00000)
 ParOldGen       total 243712K, used 243527K [0x00000000a0000000, 0x00000000aee00000, 0x00000000e0000000)
  object space 243712K, 99% used [0x00000000a0000000,0x00000000aedd1f48,0x00000000aee00000)
 Metaspace       used 77331K, capacity 79884K, committed 80256K, reserved 1118208K
  class space    used 9883K, capacity 10543K, committed 10624K, reserved 1048576K
}
Event: 51.126 GC heap before
{Heap before GC invocations=23 (full 4):
 PSYoungGen      total 487424K, used 479324K [0x00000000e0000000, 0x0000000100000000, 0x0000000100000000)
  eden space 454656K, 100% used [0x00000000e0000000,0x00000000fbc00000,0x00000000fbc00000)
  from space 32768K, 75% used [0x00000000fe000000,0x00000000ff817058,0x0000000100000000)
  to   space 34816K, 99% used [0x00000000fbc00000,0x00000000fddfb8d8,0x00000000fde00000)
 ParOldGen       total 243712K, used 243527K [0x00000000a0000000, 0x00000000aee00000, 0x00000000e0000000)
  object space 243712K, 99% used [0x00000000a0000000,0x00000000aedd1f48,0x00000000aee00000)
 Metaspace       used 77331K, capacity 79884K, committed 80256K, reserved 1118208K
  class space    used 9883K, capacity 10543K, committed 10624K, reserved 1048576K
Event: 51.840 GC heap after
Heap after GC invocations=23 (full 4):
 PSYoungGen      total 487424K, used 0K [0x00000000e0000000, 0x0000000100000000, 0x0000000100000000)
  eden space 454656K, 0% used [0x00000000e0000000,0x00000000e0000000,0x00000000fbc00000)
  from space 32768K, 0% used [0x00000000fe000000,0x00000000fe000000,0x0000000100000000)
  to   space 34816K, 0% used [0x00000000fbc00000,0x00000000fbc00000,0x00000000fde00000)
 ParOldGen       total 356864K, used 222018K [0x00000000a0000000, 0x00000000b5c80000, 0x00000000e0000000)
  object space 356864K, 62% used [0x00000000a0000000,0x00000000ad8d0b08,0x00000000b5c80000)
 Metaspace       used 77329K, capacity 79878K, committed 80256K, reserved 1118208K
  class space    used 9883K, capacity 10542K, committed 10624K, reserved 1048576K
}
Event: 54.766 GC heap before
{Heap before GC invocations=24 (full 4):
 PSYoungGen      total 487424K, used 454656K [0x00000000e0000000, 0x0000000100000000, 0x0000000100000000)
  eden space 454656K, 100% used [0x00000000e0000000,0x00000000fbc00000,0x00000000fbc00000)
  from space 32768K, 0% used [0x00000000fe000000,0x00000000fe000000,0x0000000100000000)
  to   space 34816K, 0% used [0x00000000fbc00000,0x00000000fbc00000,0x00000000fde00000)
 ParOldGen       total 356864K, used 222018K [0x00000000a0000000, 0x00000000b5c80000, 0x00000000e0000000)
  object space 356864K, 62% used [0x00000000a0000000,0x00000000ad8d0b08,0x00000000b5c80000)
 Metaspace       used 78807K, capacity 81414K, committed 81536K, reserved 1120256K
  class space    used 9958K, capacity 10606K, committed 10624K, reserved 1048576K
Event: 54.917 GC heap after
Heap after GC invocations=24 (full 4):
 PSYoungGen      total 489472K, used 34789K [0x00000000e0000000, 0x0000000100000000, 0x0000000100000000)
  eden space 454656K, 0% used [0x00000000e0000000,0x00000000e0000000,0x00000000fbc00000)
  from space 34816K, 99% used [0x00000000fbc00000,0x00000000fddf97d8,0x00000000fde00000)
  to   space 34816K, 0% used [0x00000000fde00000,0x00000000fde00000,0x0000000100000000)
 ParOldGen       total 356864K, used 320800K [0x00000000a0000000, 0x00000000b5c80000, 0x00000000e0000000)
  object space 356864K, 89% used [0x00000000a0000000,0x00000000b3948020,0x00000000b5c80000)
 Metaspace       used 78807K, capacity 81414K, committed 81536K, reserved 1120256K
  class space    used 9958K, capacity 10606K, committed 10624K, reserved 1048576K
}
Event: 54.918 GC heap before
{Heap before GC invocations=25 (full 5):
 PSYoungGen      total 489472K, used 34789K [0x00000000e0000000, 0x0000000100000000, 0x0000000100000000)
  eden space 454656K, 0% used [0x00000000e0000000,0x00000000e0000000,0x00000000fbc00000)
  from space 34816K, 99% used [0x00000000fbc00000,0x00000000fddf97d8,0x00000000fde00000)
  to   space 34816K, 0% used [0x00000000fde00000,0x00000000fde00000,0x0000000100000000)
 ParOldGen       total 356864K, used 320800K [0x00000000a0000000, 0x00000000b5c80000, 0x00000000e0000000)
  object space 356864K, 89% used [0x00000000a0000000,0x00000000b3948020,0x00000000b5c80000)
 Metaspace       used 78807K, capacity 81414K, committed 81536K, reserved 1120256K
  class space    used 9958K, capacity 10606K, committed 10624K, reserved 1048576K

